<?xml version="1.0" encoding="UTF-8"?>
<testng-results ignored="0" total="1" passed="1" failed="0" skipped="0">
  <reporter-output>
  </reporter-output>
  <suite started-at="2018-08-13T03:04:59Z" name="Default suite" finished-at="2018-08-13T03:08:36Z" duration-ms="217143">
    <groups>
    </groups>
    <test started-at="2018-08-13T03:04:59Z" name="Default test" finished-at="2018-08-13T03:08:36Z" duration-ms="217143">
      <class name="com.fox.testcases.FoxTestCases">
        <test-method is-config="true" signature="beforeMethod()[pri:0, instance:com.fox.testcases.FoxTestCases@78123e82]" started-at="2018-08-13T03:04:59Z" name="beforeMethod" finished-at="2018-08-13T03:05:03Z" duration-ms="4258" status="PASS">
          <reporter-output>
          </reporter-output>
        </test-method> <!-- beforeMethod -->
        <test-method signature="test1()[pri:0, instance:com.fox.testcases.FoxTestCases@78123e82]" started-at="2018-08-13T03:05:03Z" name="test1" finished-at="2018-08-13T03:08:36Z" duration-ms="212621" status="PASS">
          <reporter-output>
          </reporter-output>
        </test-method> <!-- test1 -->
        <test-method is-config="true" signature="afterMethod()[pri:0, instance:com.fox.testcases.FoxTestCases@78123e82]" started-at="2018-08-13T03:08:36Z" name="afterMethod" finished-at="2018-08-13T03:08:36Z" duration-ms="229" status="PASS">
          <reporter-output>
          </reporter-output>
        </test-method> <!-- afterMethod -->
      </class> <!-- com.fox.testcases.FoxTestCases -->
    </test> <!-- Default test -->
  </suite> <!-- Default suite -->
</testng-results>
