<?xml version="1.0" encoding="UTF-8"?>
<testng-results ignored="0" total="1" passed="1" failed="0" skipped="0">
  <reporter-output>
  </reporter-output>
  <suite started-at="2018-08-13T03:15:35Z" name="Default suite" finished-at="2018-08-13T03:19:12Z" duration-ms="217104">
    <groups>
    </groups>
    <test started-at="2018-08-13T03:15:35Z" name="Default test" finished-at="2018-08-13T03:19:12Z" duration-ms="217104">
      <class name="com.fox.testcases.FoxTestCases">
        <test-method is-config="true" signature="beforeMethod()[pri:0, instance:com.fox.testcases.FoxTestCases@78123e82]" started-at="2018-08-13T03:15:35Z" name="beforeMethod" finished-at="2018-08-13T03:15:39Z" duration-ms="4494" status="PASS">
          <reporter-output>
          </reporter-output>
        </test-method> <!-- beforeMethod -->
        <test-method signature="test1()[pri:0, instance:com.fox.testcases.FoxTestCases@78123e82]" started-at="2018-08-13T03:15:39Z" name="test1" finished-at="2018-08-13T03:19:12Z" duration-ms="212301" status="PASS">
          <reporter-output>
          </reporter-output>
        </test-method> <!-- test1 -->
        <test-method is-config="true" signature="afterMethod()[pri:0, instance:com.fox.testcases.FoxTestCases@78123e82]" started-at="2018-08-13T03:19:12Z" name="afterMethod" finished-at="2018-08-13T03:19:12Z" duration-ms="274" status="PASS">
          <reporter-output>
          </reporter-output>
        </test-method> <!-- afterMethod -->
      </class> <!-- com.fox.testcases.FoxTestCases -->
    </test> <!-- Default test -->
  </suite> <!-- Default suite -->
</testng-results>
